<?xml version="1.0" encoding="UTF-8"?>
<!-- Generated by org.testng.reporters.JUnitReportReporter -->
<testsuite hostname="mindc1d344" failures="0" tests="2" name="com.test.CAssesment" time="112.694" errors="0" timestamp="18 May 2022 02:32:35 GMT" skipped="0">
  <testcase classname="com.test.CAssesment" name="FindHotel" time="71.164"/>
  <testcase classname="com.test.CAssesment" name="joinPage" time="41.530"/>
</testsuite> <!-- com.test.CAssesment -->
