<?xml version="1.0" encoding="UTF-8"?>
<!-- Generated by org.testng.reporters.JUnitReportReporter -->
<testsuite hostname="mindc1d344" failures="0" tests="3" name="com.test.CAssesment" time="138.827" errors="0" timestamp="18 May 2022 03:25:25 GMT" skipped="0">
  <testcase classname="com.test.CAssesment" name="FindHotel" time="60.989"/>
  <testcase classname="com.test.CAssesment" name="joinPage" time="42.445"/>
  <testcase classname="com.test.CAssesment" name="trip" time="35.393"/>
</testsuite> <!-- com.test.CAssesment -->
